[2018-02-04 21:59:46] : MEMORY ALLOC FAILED: mmap failed
[2018-02-04 21:59:46] : MEMORY ALLOC FAILED: mmap failed
[2018-02-04 21:59:46] : MEMORY ALLOC FAILED: mmap failed
[2018-02-04 21:59:46] : MEMORY ALLOC FAILED: mmap failed
[2018-02-04 21:59:46] : MEMORY ALLOC FAILED: mmap failed
-------------------------------------------------------------------
xmr-stak 2.2.0 305e3a4

Brought to you by fireice_uk and psychocrypt under GPLv3.
Based on CPU mining code by wolf9466 (heavily optimized by fireice_uk).

Configurable dev donation level is set to 0.0%

You can use following keys to display reports:
'h' - hashrate
'r' - results
'c' - connection
-------------------------------------------------------------------
[2018-02-04 21:59:46] : Start mining: AEON
[2018-02-04 21:59:46] : Starting 1x thread, affinity: 0.
[2018-02-04 21:59:46] : hwloc: memory pinned
[2018-02-04 21:59:46] : Starting 1x thread, affinity: 1.
[2018-02-04 21:59:46] : MEMORY ALLOC FAILED: mmap failed
[2018-02-04 21:59:46] : hwloc: memory pinned
[2018-02-04 21:59:46] : Starting 1x thread, affinity: 2.
[2018-02-04 21:59:46] : MEMORY ALLOC FAILED: mmap failed
[2018-02-04 21:59:46] : hwloc: memory pinned
[2018-02-04 21:59:46] : Starting 1x thread, affinity: 3.
[2018-02-04 21:59:46] : MEMORY ALLOC FAILED: mmap failed
[2018-02-04 21:59:46] : hwloc: memory pinned
[2018-02-04 21:59:46] : Starting 1x thread, affinity: 4.
[2018-02-04 21:59:46] : MEMORY ALLOC FAILED: mmap failed
[2018-02-04 21:59:46] : hwloc: memory pinned
[2018-02-04 21:59:46] : Starting 1x thread, affinity: 5.
[2018-02-04 21:59:46] : MEMORY ALLOC FAILED: mmap failed
[2018-02-04 21:59:46] : hwloc: memory pinned
[2018-02-04 21:59:46] : Starting 1x thread, affinity: 6.
[2018-02-04 21:59:46] : MEMORY ALLOC FAILED: mmap failed
[2018-02-04 21:59:46] : hwloc: memory pinned
[2018-02-04 21:59:46] : Starting 1x thread, affinity: 7.
[2018-02-04 21:59:46] : MEMORY ALLOC FAILED: mmap failed
[2018-02-04 21:59:46] : hwloc: memory pinned
[2018-02-04 21:59:46] : Starting 2x thread, affinity: 8.
[2018-02-04 21:59:46] : MEMORY ALLOC FAILED: mmap failed
[2018-02-04 21:59:46] : hwloc: memory pinned
[2018-02-04 21:59:46] : Starting 2x thread, affinity: 9.
[2018-02-04 21:59:46] : MEMORY ALLOC FAILED: mmap failed
[2018-02-04 21:59:46] : MEMORY ALLOC FAILED: mmap failed
[2018-02-04 21:59:46] : hwloc: memory pinned
[2018-02-04 21:59:46] : MEMORY ALLOC FAILED: mmap failed
[2018-02-04 21:59:46] : MEMORY ALLOC FAILED: mmap failed
[2018-02-04 21:59:46] : Fast-connecting to aeon.pool.minergate.com:45690 pool ...
[2018-02-04 21:59:46] : Pool aeon.pool.minergate.com:45690 connected. Logging in...
[2018-02-04 21:59:56] : SOCKET ERROR - [aeon.pool.minergate.com:45690] CALL error: Timeout while waiting for a reply
[2018-02-04 22:00:24] : Fast-connecting to aeon.pool.minergate.com:45690 pool ...
[2018-02-04 22:00:24] : Pool aeon.pool.minergate.com:45690 connected. Logging in...
[2018-02-04 22:00:34] : SOCKET ERROR - [aeon.pool.minergate.com:45690] CALL error: Timeout while waiting for a reply
[2018-02-04 22:01:04] : Fast-connecting to aeon.pool.minergate.com:45690 pool ...
[2018-02-04 22:01:04] : Pool aeon.pool.minergate.com:45690 connected. Logging in...
[2018-02-04 22:01:14] : SOCKET ERROR - [aeon.pool.minergate.com:45690] CALL error: Timeout while waiting for a reply
[2018-02-04 22:01:44] : Fast-connecting to aeon.pool.minergate.com:45690 pool ...
[2018-02-04 22:01:44] : Pool aeon.pool.minergate.com:45690 connected. Logging in...
[2018-02-04 22:01:54] : SOCKET ERROR - [aeon.pool.minergate.com:45690] CALL error: Timeout while waiting for a reply
[2018-02-04 22:02:24] : Fast-connecting to aeon.pool.minergate.com:45690 pool ...
[2018-02-04 22:02:24] : Pool aeon.pool.minergate.com:45690 connected. Logging in...
[2018-02-04 22:02:34] : SOCKET ERROR - [aeon.pool.minergate.com:45690] CALL error: Timeout while waiting for a reply
[2018-02-04 22:03:04] : Fast-connecting to aeon.pool.minergate.com:45690 pool ...
[2018-02-04 22:03:04] : Pool aeon.pool.minergate.com:45690 connected. Logging in...
[2018-02-04 22:03:14] : SOCKET ERROR - [aeon.pool.minergate.com:45690] CALL error: Timeout while waiting for a reply
[2018-02-04 22:03:44] : Fast-connecting to aeon.pool.minergate.com:45690 pool ...
[2018-02-04 22:03:45] : Pool aeon.pool.minergate.com:45690 connected. Logging in...
[2018-02-04 22:03:55] : SOCKET ERROR - [aeon.pool.minergate.com:45690] CALL error: Timeout while waiting for a reply
[2018-02-04 22:04:24] : Fast-connecting to aeon.pool.minergate.com:45690 pool ...
[2018-02-04 22:04:24] : Pool aeon.pool.minergate.com:45690 connected. Logging in...
[2018-02-04 22:04:34] : SOCKET ERROR - [aeon.pool.minergate.com:45690] CALL error: Timeout while waiting for a reply
[2018-02-04 22:05:04] : Fast-connecting to aeon.pool.minergate.com:45690 pool ...
[2018-02-04 22:05:05] : Pool aeon.pool.minergate.com:45690 connected. Logging in...
[2018-02-04 22:05:15] : SOCKET ERROR - [aeon.pool.minergate.com:45690] CALL error: Timeout while waiting for a reply
[2018-02-04 22:05:44] : Fast-connecting to aeon.pool.minergate.com:45690 pool ...
[2018-02-04 22:05:45] : Pool aeon.pool.minergate.com:45690 connected. Logging in...
[2018-02-04 22:05:55] : SOCKET ERROR - [aeon.pool.minergate.com:45690] CALL error: Timeout while waiting for a reply
[2018-02-04 22:06:24] : Fast-connecting to aeon.pool.minergate.com:45690 pool ...
[2018-02-04 22:06:25] : Pool aeon.pool.minergate.com:45690 connected. Logging in...
[2018-02-04 22:06:35] : SOCKET ERROR - [aeon.pool.minergate.com:45690] CALL error: Timeout while waiting for a reply
[2018-02-04 22:07:04] : Fast-connecting to aeon.pool.minergate.com:45690 pool ...
[2018-02-04 22:07:05] : Pool aeon.pool.minergate.com:45690 connected. Logging in...
[2018-02-04 22:07:15] : SOCKET ERROR - [aeon.pool.minergate.com:45690] CALL error: Timeout while waiting for a reply
[2018-02-04 22:07:44] : Fast-connecting to aeon.pool.minergate.com:45690 pool ...
[2018-02-04 22:07:45] : Pool aeon.pool.minergate.com:45690 connected. Logging in...
[2018-02-04 22:07:55] : SOCKET ERROR - [aeon.pool.minergate.com:45690] CALL error: Timeout while waiting for a reply
[2018-02-04 22:08:24] : Fast-connecting to aeon.pool.minergate.com:45690 pool ...
[2018-02-04 22:08:25] : Pool aeon.pool.minergate.com:45690 connected. Logging in...
[2018-02-04 22:08:35] : SOCKET ERROR - [aeon.pool.minergate.com:45690] CALL error: Timeout while waiting for a reply
[2018-02-04 22:09:04] : Fast-connecting to aeon.pool.minergate.com:45690 pool ...
[2018-02-04 22:09:05] : Pool aeon.pool.minergate.com:45690 connected. Logging in...
[2018-02-04 22:09:15] : SOCKET ERROR - [aeon.pool.minergate.com:45690] CALL error: Timeout while waiting for a reply
[2018-02-04 22:09:44] : Fast-connecting to aeon.pool.minergate.com:45690 pool ...
[2018-02-04 22:09:45] : Pool aeon.pool.minergate.com:45690 connected. Logging in...
[2018-02-04 22:09:55] : SOCKET ERROR - [aeon.pool.minergate.com:45690] CALL error: Timeout while waiting for a reply
[2018-02-04 22:10:24] : Fast-connecting to aeon.pool.minergate.com:45690 pool ...
[2018-02-04 22:10:25] : Pool aeon.pool.minergate.com:45690 connected. Logging in...
[2018-02-04 22:10:35] : SOCKET ERROR - [aeon.pool.minergate.com:45690] CALL error: Timeout while waiting for a reply
[2018-02-04 22:11:04] : Fast-connecting to aeon.pool.minergate.com:45690 pool ...
[2018-02-04 22:11:05] : Pool aeon.pool.minergate.com:45690 connected. Logging in...
[2018-02-04 22:11:15] : SOCKET ERROR - [aeon.pool.minergate.com:45690] CALL error: Timeout while waiting for a reply
[2018-02-04 22:11:44] : Fast-connecting to aeon.pool.minergate.com:45690 pool ...
[2018-02-04 22:11:45] : Pool aeon.pool.minergate.com:45690 connected. Logging in...
[2018-02-04 22:11:55] : SOCKET ERROR - [aeon.pool.minergate.com:45690] CALL error: Timeout while waiting for a reply
[2018-02-04 22:12:24] : Fast-connecting to aeon.pool.minergate.com:45690 pool ...
[2018-02-04 22:12:25] : Pool aeon.pool.minergate.com:45690 connected. Logging in...
[2018-02-04 22:12:35] : SOCKET ERROR - [aeon.pool.minergate.com:45690] CALL error: Timeout while waiting for a reply
[2018-02-04 22:13:05] : Fast-connecting to aeon.pool.minergate.com:45690 pool ...
[2018-02-04 22:13:05] : Pool aeon.pool.minergate.com:45690 connected. Logging in...
[2018-02-04 22:13:15] : SOCKET ERROR - [aeon.pool.minergate.com:45690] CALL error: Timeout while waiting for a reply
[2018-02-04 22:13:45] : Fast-connecting to aeon.pool.minergate.com:45690 pool ...
[2018-02-04 22:13:45] : Pool aeon.pool.minergate.com:45690 connected. Logging in...
[2018-02-04 22:13:55] : SOCKET ERROR - [aeon.pool.minergate.com:45690] CALL error: Timeout while waiting for a reply
[2018-02-04 22:14:25] : Fast-connecting to aeon.pool.minergate.com:45690 pool ...
[2018-02-04 22:14:25] : Pool aeon.pool.minergate.com:45690 connected. Logging in...
[2018-02-04 22:14:35] : SOCKET ERROR - [aeon.pool.minergate.com:45690] CALL error: Timeout while waiting for a reply
[2018-02-04 22:15:05] : Fast-connecting to aeon.pool.minergate.com:45690 pool ...
[2018-02-04 22:15:05] : Pool aeon.pool.minergate.com:45690 connected. Logging in...
[2018-02-04 22:15:15] : SOCKET ERROR - [aeon.pool.minergate.com:45690] CALL error: Timeout while waiting for a reply
[2018-02-04 22:15:45] : Fast-connecting to aeon.pool.minergate.com:45690 pool ...
[2018-02-04 22:15:45] : Pool aeon.pool.minergate.com:45690 connected. Logging in...
[2018-02-04 22:15:55] : SOCKET ERROR - [aeon.pool.minergate.com:45690] CALL error: Timeout while waiting for a reply
[2018-02-04 22:16:25] : Fast-connecting to aeon.pool.minergate.com:45690 pool ...
[2018-02-04 22:16:25] : Pool aeon.pool.minergate.com:45690 connected. Logging in...
[2018-02-04 22:16:35] : SOCKET ERROR - [aeon.pool.minergate.com:45690] CALL error: Timeout while waiting for a reply
[2018-02-04 22:17:05] : Fast-connecting to aeon.pool.minergate.com:45690 pool ...
[2018-02-04 22:17:05] : Pool aeon.pool.minergate.com:45690 connected. Logging in...
[2018-02-04 22:17:15] : SOCKET ERROR - [aeon.pool.minergate.com:45690] CALL error: Timeout while waiting for a reply
[2018-02-04 22:17:45] : Fast-connecting to aeon.pool.minergate.com:45690 pool ...
[2018-02-04 22:17:45] : Pool aeon.pool.minergate.com:45690 connected. Logging in...
[2018-02-04 22:17:55] : SOCKET ERROR - [aeon.pool.minergate.com:45690] CALL error: Timeout while waiting for a reply
[2018-02-04 22:18:25] : Fast-connecting to aeon.pool.minergate.com:45690 pool ...
[2018-02-04 22:18:25] : Pool aeon.pool.minergate.com:45690 connected. Logging in...
[2018-02-04 22:18:35] : SOCKET ERROR - [aeon.pool.minergate.com:45690] CALL error: Timeout while waiting for a reply
[2018-02-04 22:19:05] : Fast-connecting to aeon.pool.minergate.com:45690 pool ...
[2018-02-04 22:19:05] : Pool aeon.pool.minergate.com:45690 connected. Logging in...
[2018-02-04 22:19:15] : SOCKET ERROR - [aeon.pool.minergate.com:45690] CALL error: Timeout while waiting for a reply
[2018-02-04 22:19:45] : Fast-connecting to aeon.pool.minergate.com:45690 pool ...
[2018-02-04 22:19:45] : Pool aeon.pool.minergate.com:45690 connected. Logging in...
[2018-02-04 22:19:55] : SOCKET ERROR - [aeon.pool.minergate.com:45690] CALL error: Timeout while waiting for a reply
[2018-02-04 22:20:25] : Fast-connecting to aeon.pool.minergate.com:45690 pool ...
[2018-02-04 22:20:25] : Pool aeon.pool.minergate.com:45690 connected. Logging in...
[2018-02-04 22:20:35] : SOCKET ERROR - [aeon.pool.minergate.com:45690] CALL error: Timeout while waiting for a reply
[2018-02-04 22:21:05] : Fast-connecting to aeon.pool.minergate.com:45690 pool ...
[2018-02-04 22:21:05] : Pool aeon.pool.minergate.com:45690 connected. Logging in...
[2018-02-04 22:21:15] : SOCKET ERROR - [aeon.pool.minergate.com:45690] CALL error: Timeout while waiting for a reply
[2018-02-04 22:21:45] : Fast-connecting to aeon.pool.minergate.com:45690 pool ...
[2018-02-04 22:21:45] : Pool aeon.pool.minergate.com:45690 connected. Logging in...
[2018-02-04 22:21:55] : SOCKET ERROR - [aeon.pool.minergate.com:45690] CALL error: Timeout while waiting for a reply
[2018-02-04 22:22:25] : Fast-connecting to aeon.pool.minergate.com:45690 pool ...
[2018-02-04 22:22:25] : Pool aeon.pool.minergate.com:45690 connected. Logging in...
[2018-02-04 22:22:35] : SOCKET ERROR - [aeon.pool.minergate.com:45690] CALL error: Timeout while waiting for a reply
[2018-02-04 22:23:05] : Fast-connecting to aeon.pool.minergate.com:45690 pool ...
[2018-02-04 22:23:05] : Pool aeon.pool.minergate.com:45690 connected. Logging in...
[2018-02-04 22:23:15] : SOCKET ERROR - [aeon.pool.minergate.com:45690] CALL error: Timeout while waiting for a reply
[2018-02-04 22:23:45] : Fast-connecting to aeon.pool.minergate.com:45690 pool ...
[2018-02-04 22:23:45] : Pool aeon.pool.minergate.com:45690 connected. Logging in...
[2018-02-04 22:23:55] : SOCKET ERROR - [aeon.pool.minergate.com:45690] CALL error: Timeout while waiting for a reply
[2018-02-04 22:24:25] : Fast-connecting to aeon.pool.minergate.com:45690 pool ...
[2018-02-04 22:24:25] : Pool aeon.pool.minergate.com:45690 connected. Logging in...
[2018-02-04 22:24:35] : SOCKET ERROR - [aeon.pool.minergate.com:45690] CALL error: Timeout while waiting for a reply
[2018-02-04 22:25:05] : Fast-connecting to aeon.pool.minergate.com:45690 pool ...
[2018-02-04 22:25:05] : Pool aeon.pool.minergate.com:45690 connected. Logging in...
[2018-02-04 22:25:15] : SOCKET ERROR - [aeon.pool.minergate.com:45690] CALL error: Timeout while waiting for a reply
[2018-02-04 22:25:45] : Fast-connecting to aeon.pool.minergate.com:45690 pool ...
[2018-02-04 22:25:45] : Pool aeon.pool.minergate.com:45690 connected. Logging in...
[2018-02-04 22:25:55] : SOCKET ERROR - [aeon.pool.minergate.com:45690] CALL error: Timeout while waiting for a reply
[2018-02-04 22:26:25] : Fast-connecting to aeon.pool.minergate.com:45690 pool ...
[2018-02-04 22:26:25] : Pool aeon.pool.minergate.com:45690 connected. Logging in...
[2018-02-04 22:26:35] : SOCKET ERROR - [aeon.pool.minergate.com:45690] CALL error: Timeout while waiting for a reply
[2018-02-04 22:27:05] : Fast-connecting to aeon.pool.minergate.com:45690 pool ...
[2018-02-04 22:27:05] : Pool aeon.pool.minergate.com:45690 connected. Logging in...
[2018-02-04 22:27:15] : SOCKET ERROR - [aeon.pool.minergate.com:45690] CALL error: Timeout while waiting for a reply
[2018-02-04 22:27:45] : Fast-connecting to aeon.pool.minergate.com:45690 pool ...
[2018-02-04 22:27:45] : Pool aeon.pool.minergate.com:45690 connected. Logging in...
[2018-02-04 22:27:55] : SOCKET ERROR - [aeon.pool.minergate.com:45690] CALL error: Timeout while waiting for a reply
[2018-02-04 22:28:25] : Fast-connecting to aeon.pool.minergate.com:45690 pool ...
[2018-02-04 22:28:25] : Pool aeon.pool.minergate.com:45690 connected. Logging in...
[2018-02-04 22:28:35] : SOCKET ERROR - [aeon.pool.minergate.com:45690] CALL error: Timeout while waiting for a reply
[2018-02-04 22:29:05] : Fast-connecting to aeon.pool.minergate.com:45690 pool ...
[2018-02-04 22:29:05] : Pool aeon.pool.minergate.com:45690 connected. Logging in...
[2018-02-04 22:29:15] : SOCKET ERROR - [aeon.pool.minergate.com:45690] CALL error: Timeout while waiting for a reply
[2018-02-04 22:29:45] : Fast-connecting to aeon.pool.minergate.com:45690 pool ...
[2018-02-04 22:29:45] : Pool aeon.pool.minergate.com:45690 connected. Logging in...
[2018-02-04 22:29:55] : SOCKET ERROR - [aeon.pool.minergate.com:45690] CALL error: Timeout while waiting for a reply
[2018-02-04 22:30:25] : Fast-connecting to aeon.pool.minergate.com:45690 pool ...
[2018-02-04 22:30:25] : Pool aeon.pool.minergate.com:45690 connected. Logging in...
[2018-02-04 22:30:35] : SOCKET ERROR - [aeon.pool.minergate.com:45690] CALL error: Timeout while waiting for a reply
[2018-02-04 22:31:05] : Fast-connecting to aeon.pool.minergate.com:45690 pool ...
[2018-02-04 22:31:05] : Pool aeon.pool.minergate.com:45690 connected. Logging in...
[2018-02-04 22:31:15] : SOCKET ERROR - [aeon.pool.minergate.com:45690] CALL error: Timeout while waiting for a reply
[2018-02-04 22:31:45] : Fast-connecting to aeon.pool.minergate.com:45690 pool ...
[2018-02-04 22:31:45] : Pool aeon.pool.minergate.com:45690 connected. Logging in...
[2018-02-04 22:31:55] : SOCKET ERROR - [aeon.pool.minergate.com:45690] CALL error: Timeout while waiting for a reply
[2018-02-04 22:32:25] : Fast-connecting to aeon.pool.minergate.com:45690 pool ...
[2018-02-04 22:32:25] : Pool aeon.pool.minergate.com:45690 connected. Logging in...
[2018-02-04 22:32:35] : SOCKET ERROR - [aeon.pool.minergate.com:45690] CALL error: Timeout while waiting for a reply
[2018-02-04 22:33:05] : Fast-connecting to aeon.pool.minergate.com:45690 pool ...
[2018-02-04 22:33:05] : Pool aeon.pool.minergate.com:45690 connected. Logging in...
[2018-02-04 22:33:07] : Difficulty changed. Now: 2000.
[2018-02-04 22:33:07] : Pool logged in.
[2018-02-04 22:33:08] : Result rejected by the pool.
[2018-02-04 22:33:08] : Difficulty changed. Now: 2000.
[2018-02-04 22:33:08] : New block detected.
[2018-02-04 22:33:14] : Result accepted by the pool.
[2018-02-04 22:33:15] : Result accepted by the pool.
[2018-02-04 22:33:16] : Result accepted by the pool.
[2018-02-04 22:33:21] : Result accepted by the pool.
[2018-02-04 22:33:22] : Result accepted by the pool.
[2018-02-04 22:33:23] : Result accepted by the pool.
[2018-02-04 22:33:25] : Result accepted by the pool.
[2018-02-04 22:33:25] : Result accepted by the pool.
[2018-02-04 22:33:27] : Result accepted by the pool.
[2018-02-04 22:33:28] : Result accepted by the pool.
[2018-02-04 22:33:33] : Result accepted by the pool.
[2018-02-04 22:33:34] : Result accepted by the pool.
[2018-02-04 22:33:34] : Result accepted by the pool.
[2018-02-04 22:33:37] : Result accepted by the pool.
[2018-02-04 22:33:38] : Result accepted by the pool.
[2018-02-04 22:33:38] : Result accepted by the pool.
[2018-02-04 22:33:41] : Result accepted by the pool.
[2018-02-04 22:33:53] : Result accepted by the pool.
[2018-02-04 22:33:54] : Result accepted by the pool.
[2018-02-04 22:33:58] : Result accepted by the pool.
[2018-02-04 22:33:59] : Result accepted by the pool.
[2018-02-04 22:33:59] : Result accepted by the pool.
[2018-02-04 22:34:04] : Result accepted by the pool.
[2018-02-04 22:34:07] : Result accepted by the pool.
[2018-02-04 22:34:14] : Result accepted by the pool.
[2018-02-04 22:34:14] : Result accepted by the pool.
[2018-02-04 22:34:21] : Result accepted by the pool.
[2018-02-04 22:34:22] : Result accepted by the pool.
[2018-02-04 22:34:22] : Result accepted by the pool.
[2018-02-04 22:34:26] : Result accepted by the pool.
[2018-02-04 22:34:29] : Result accepted by the pool.
[2018-02-04 22:34:31] : Result accepted by the pool.
[2018-02-04 22:34:35] : Result accepted by the pool.
[2018-02-04 22:34:41] : Result accepted by the pool.
[2018-02-04 22:34:43] : Result accepted by the pool.
[2018-02-04 22:34:45] : Difficulty changed. Now: 7198.
[2018-02-04 22:34:45] : New block detected.
[2018-02-04 22:34:49] : Result accepted by the pool.
[2018-02-04 22:34:51] : Result accepted by the pool.
[2018-02-04 22:35:00] : Result accepted by the pool.
[2018-02-04 22:35:07] : Result accepted by the pool.
[2018-02-04 22:35:11] : Result accepted by the pool.
[2018-02-04 22:35:24] : Result accepted by the pool.
[2018-02-04 22:35:36] : Result accepted by the pool.
[2018-02-04 22:35:36] : Result accepted by the pool.
[2018-02-04 22:35:55] : Result accepted by the pool.
[2018-02-04 22:36:10] : Result accepted by the pool.
[2018-02-04 22:36:18] : Result accepted by the pool.
[2018-02-04 22:36:20] : Difficulty changed. Now: 7763.
[2018-02-04 22:36:20] : New block detected.
[2018-02-04 22:36:24] : Result accepted by the pool.
[2018-02-04 22:36:31] : Result accepted by the pool.
[2018-02-04 22:36:32] : Result accepted by the pool.
[2018-02-04 22:36:34] : Result accepted by the pool.
[2018-02-04 22:36:35] : Result accepted by the pool.
[2018-02-04 22:36:42] : Difficulty changed. Now: 8762.
[2018-02-04 22:36:42] : New block detected.
[2018-02-04 22:37:04] : Result accepted by the pool.
[2018-02-04 22:37:20] : Result accepted by the pool.
[2018-02-04 22:37:34] : Result accepted by the pool.
[2018-02-04 22:37:36] : Result accepted by the pool.
[2018-02-04 22:37:57] : Result accepted by the pool.
[2018-02-04 22:38:02] : Result accepted by the pool.
[2018-02-04 22:38:17] : Result accepted by the pool.
[2018-02-04 22:38:37] : Result accepted by the pool.
[2018-02-04 22:38:57] : Result accepted by the pool.
[2018-02-04 22:39:06] : Result accepted by the pool.
[2018-02-04 22:39:16] : Result accepted by the pool.
[2018-02-04 22:39:17] : Result accepted by the pool.
[2018-02-04 22:39:27] : Result accepted by the pool.
[2018-02-04 22:39:45] : Result accepted by the pool.
[2018-02-04 22:39:48] : Result accepted by the pool.
[2018-02-04 22:39:52] : Result accepted by the pool.
[2018-02-04 22:40:01] : Result accepted by the pool.
[2018-02-04 22:40:05] : Result accepted by the pool.
[2018-02-04 22:40:13] : Result accepted by the pool.
[2018-02-04 22:40:14] : Result accepted by the pool.
[2018-02-04 22:40:17] : Result accepted by the pool.
[2018-02-04 22:40:20] : Result accepted by the pool.
[2018-02-04 22:40:21] : Result accepted by the pool.
[2018-02-04 22:40:23] : Result accepted by the pool.
[2018-02-04 22:40:36] : Result accepted by the pool.
[2018-02-04 22:40:40] : Result accepted by the pool.
[2018-02-04 22:40:49] : Result accepted by the pool.
[2018-02-04 22:40:50] : Result accepted by the pool.
[2018-02-04 22:41:07] : Result accepted by the pool.
[2018-02-04 22:41:24] : Result accepted by the pool.
[2018-02-04 22:41:30] : Result accepted by the pool.
[2018-02-04 22:41:35] : Result accepted by the pool.
[2018-02-04 22:41:53] : Result accepted by the pool.
[2018-02-04 22:42:16] : Result accepted by the pool.
[2018-02-04 22:42:23] : Result accepted by the pool.
[2018-02-04 22:42:37] : Result accepted by the pool.
[2018-02-04 22:42:50] : Result accepted by the pool.
[2018-02-04 22:42:53] : Result accepted by the pool.
[2018-02-04 22:42:59] : Result accepted by the pool.
[2018-02-04 22:43:04] : Result accepted by the pool.
[2018-02-04 22:43:13] : Result accepted by the pool.
[2018-02-04 22:43:15] : Result accepted by the pool.
[2018-02-04 22:43:15] : Result accepted by the pool.
[2018-02-04 22:43:23] : Result accepted by the pool.
[2018-02-04 22:43:30] : Result accepted by the pool.
[2018-02-04 22:43:33] : Result accepted by the pool.
[2018-02-04 22:43:33] : Result accepted by the pool.
[2018-02-04 22:43:34] : Result accepted by the pool.
[2018-02-04 22:43:43] : Result accepted by the pool.
[2018-02-04 22:44:01] : Result accepted by the pool.
[2018-02-04 22:44:02] : Result accepted by the pool.
[2018-02-04 22:44:09] : Result accepted by the pool.
[2018-02-04 22:44:09] : Result accepted by the pool.
[2018-02-04 22:44:11] : Result accepted by the pool.
[2018-02-04 22:44:14] : Result accepted by the pool.
[2018-02-04 22:44:23] : Result accepted by the pool.
[2018-02-04 22:44:26] : Result accepted by the pool.
[2018-02-04 22:44:29] : Result accepted by the pool.
[2018-02-04 22:44:38] : Result accepted by the pool.
[2018-02-04 22:44:48] : Result accepted by the pool.
[2018-02-04 22:45:25] : Result accepted by the pool.
[2018-02-04 22:45:34] : Result accepted by the pool.
[2018-02-04 22:45:35] : Result accepted by the pool.
[2018-02-04 22:45:36] : Result accepted by the pool.
[2018-02-04 22:45:58] : Result accepted by the pool.
[2018-02-04 22:46:08] : Result accepted by the pool.
[2018-02-04 22:46:16] : Result accepted by the pool.
[2018-02-04 22:46:19] : Result accepted by the pool.
[2018-02-04 22:46:25] : Result accepted by the pool.
[2018-02-04 22:46:31] : Result accepted by the pool.
[2018-02-04 22:46:33] : Result accepted by the pool.
[2018-02-04 22:46:44] : Result accepted by the pool.
[2018-02-04 22:46:52] : Result accepted by the pool.
[2018-02-04 22:47:01] : Result accepted by the pool.
[2018-02-04 22:47:21] : Result accepted by the pool.
[2018-02-04 22:47:30] : Result accepted by the pool.
[2018-02-04 22:47:47] : Result accepted by the pool.
[2018-02-04 22:47:51] : Result accepted by the pool.
[2018-02-04 22:47:59] : Result accepted by the pool.
[2018-02-04 22:48:04] : Result accepted by the pool.
[2018-02-04 22:48:18] : Difficulty changed. Now: 9762.
[2018-02-04 22:48:18] : New block detected.
[2018-02-04 22:48:40] : Result accepted by the pool.
[2018-02-04 22:48:45] : Result accepted by the pool.
[2018-02-04 22:48:49] : Result accepted by the pool.
[2018-02-04 22:48:59] : Result accepted by the pool.
[2018-02-04 22:49:05] : Result accepted by the pool.
[2018-02-04 22:49:12] : Difficulty changed. Now: 9717.
[2018-02-04 22:49:12] : New block detected.
[2018-02-04 22:49:13] : Result accepted by the pool.
[2018-02-04 22:49:36] : Result accepted by the pool.
[2018-02-04 22:49:43] : Result accepted by the pool.
[2018-02-04 22:49:46] : Result accepted by the pool.
[2018-02-04 22:49:50] : Result accepted by the pool.
[2018-02-04 22:50:00] : Result accepted by the pool.
[2018-02-04 22:50:13] : Result accepted by the pool.
[2018-02-04 22:50:26] : Result accepted by the pool.
[2018-02-04 22:50:37] : Result accepted by the pool.
[2018-02-04 22:50:43] : Result accepted by the pool.
[2018-02-04 22:50:49] : Result accepted by the pool.
[2018-02-04 22:51:02] : Result accepted by the pool.
[2018-02-04 22:51:05] : Result accepted by the pool.
[2018-02-04 22:51:16] : Result accepted by the pool.
[2018-02-04 22:51:24] : Result accepted by the pool.
[2018-02-04 22:51:32] : Result accepted by the pool.
[2018-02-04 22:51:41] : Result accepted by the pool.
[2018-02-04 22:52:13] : Result accepted by the pool.
[2018-02-04 22:52:37] : Result accepted by the pool.
[2018-02-04 22:53:02] : Result accepted by the pool.
[2018-02-04 22:53:15] : Result accepted by the pool.
[2018-02-04 22:53:23] : Result accepted by the pool.
[2018-02-04 22:54:08] : Result accepted by the pool.
[2018-02-04 22:54:23] : Result accepted by the pool.
[2018-02-04 22:55:15] : Result accepted by the pool.
[2018-02-04 22:55:21] : Result accepted by the pool.
[2018-02-04 22:55:34] : Result accepted by the pool.
[2018-02-04 22:55:39] : Result accepted by the pool.
[2018-02-04 22:55:47] : Result accepted by the pool.
[2018-02-04 22:56:00] : Result accepted by the pool.
[2018-02-04 22:56:18] : Result accepted by the pool.
[2018-02-04 22:56:50] : Result accepted by the pool.
[2018-02-04 22:56:50] : Result accepted by the pool.
[2018-02-04 22:56:54] : Result accepted by the pool.
[2018-02-04 22:57:10] : Result accepted by the pool.
[2018-02-04 22:57:27] : Result accepted by the pool.
[2018-02-04 22:57:33] : Result accepted by the pool.
[2018-02-04 22:57:58] : Result accepted by the pool.
[2018-02-04 22:58:01] : Result accepted by the pool.
[2018-02-04 22:58:09] : Result accepted by the pool.
[2018-02-04 22:58:10] : Result accepted by the pool.
[2018-02-04 22:58:24] : Result accepted by the pool.
[2018-02-04 22:58:33] : Result accepted by the pool.
[2018-02-04 22:58:47] : Result accepted by the pool.
[2018-02-04 22:58:55] : Result accepted by the pool.
[2018-02-04 22:59:05] : Result accepted by the pool.
[2018-02-04 22:59:10] : Result accepted by the pool.
[2018-02-04 22:59:11] : Result accepted by the pool.
[2018-02-04 22:59:15] : Result accepted by the pool.
[2018-02-04 22:59:21] : Result accepted by the pool.
[2018-02-04 22:59:24] : Result accepted by the pool.
[2018-02-04 22:59:27] : Result accepted by the pool.
[2018-02-04 22:59:28] : Result accepted by the pool.
[2018-02-04 22:59:31] : Result accepted by the pool.
[2018-02-04 22:59:32] : Result accepted by the pool.
[2018-02-04 22:59:52] : Result accepted by the pool.
[2018-02-04 23:00:22] : Result accepted by the pool.
[2018-02-04 23:00:43] : Result accepted by the pool.
[2018-02-04 23:00:49] : Result accepted by the pool.
[2018-02-04 23:00:58] : Result accepted by the pool.
[2018-02-04 23:00:58] : Result accepted by the pool.
[2018-02-04 23:01:38] : Difficulty changed. Now: 8946.
[2018-02-04 23:01:38] : New block detected.
[2018-02-04 23:01:43] : Result accepted by the pool.
[2018-02-04 23:02:02] : Result accepted by the pool.
[2018-02-04 23:02:17] : Result accepted by the pool.
[2018-02-04 23:02:20] : Result accepted by the pool.
[2018-02-04 23:02:26] : Result accepted by the pool.
[2018-02-04 23:02:30] : Result accepted by the pool.
[2018-02-04 23:03:06] : Result accepted by the pool.
[2018-02-04 23:03:19] : Result accepted by the pool.
[2018-02-04 23:03:43] : Result accepted by the pool.
[2018-02-04 23:03:49] : Result accepted by the pool.
[2018-02-04 23:03:56] : Result accepted by the pool.
[2018-02-04 23:03:57] : Result accepted by the pool.
[2018-02-04 23:03:58] : Result accepted by the pool.
[2018-02-04 23:03:59] : Result accepted by the pool.
[2018-02-04 23:04:01] : Result accepted by the pool.
[2018-02-04 23:04:02] : Result accepted by the pool.
[2018-02-04 23:04:05] : Result accepted by the pool.
[2018-02-04 23:04:40] : Result accepted by the pool.
[2018-02-04 23:04:40] : Result accepted by the pool.
[2018-02-04 23:04:41] : Result accepted by the pool.
[2018-02-04 23:05:08] : Result accepted by the pool.
[2018-02-04 23:05:19] : Result accepted by the pool.
[2018-02-04 23:05:34] : Result accepted by the pool.
[2018-02-04 23:05:45] : Result accepted by the pool.
[2018-02-04 23:05:49] : Result accepted by the pool.
[2018-02-04 23:05:51] : Result accepted by the pool.
[2018-02-04 23:06:07] : Result accepted by the pool.
[2018-02-04 23:06:26] : Result accepted by the pool.
[2018-02-04 23:06:27] : Result accepted by the pool.
[2018-02-04 23:06:55] : Result accepted by the pool.
[2018-02-04 23:06:57] : Result accepted by the pool.
[2018-02-04 23:07:10] : Result accepted by the pool.
[2018-02-04 23:07:13] : Result accepted by the pool.
[2018-02-04 23:07:15] : Result accepted by the pool.
[2018-02-04 23:07:26] : Difficulty changed. Now: 8913.
[2018-02-04 23:07:26] : New block detected.
[2018-02-04 23:07:30] : Result accepted by the pool.
[2018-02-04 23:07:32] : Result accepted by the pool.
[2018-02-04 23:07:35] : Result accepted by the pool.
[2018-02-04 23:07:39] : Result accepted by the pool.
[2018-02-04 23:07:50] : Result accepted by the pool.
[2018-02-04 23:07:53] : Result accepted by the pool.
[2018-02-04 23:07:56] : Result accepted by the pool.
[2018-02-04 23:07:57] : Result accepted by the pool.
[2018-02-04 23:08:01] : Result accepted by the pool.
[2018-02-04 23:08:13] : Result accepted by the pool.
[2018-02-04 23:08:19] : Result accepted by the pool.
[2018-02-04 23:08:31] : Result accepted by the pool.
[2018-02-04 23:08:37] : Result accepted by the pool.
[2018-02-04 23:08:44] : Result accepted by the pool.
[2018-02-04 23:08:49] : Result accepted by the pool.
[2018-02-04 23:08:52] : Result accepted by the pool.
[2018-02-04 23:08:53] : Result accepted by the pool.
[2018-02-04 23:09:00] : Result accepted by the pool.
[2018-02-04 23:09:07] : Result accepted by the pool.
[2018-02-04 23:09:26] : Result accepted by the pool.
[2018-02-04 23:09:33] : Result accepted by the pool.
[2018-02-04 23:09:35] : Result accepted by the pool.
[2018-02-04 23:09:35] : Result accepted by the pool.
[2018-02-04 23:09:36] : Result accepted by the pool.
[2018-02-04 23:09:59] : Result accepted by the pool.
[2018-02-04 23:10:08] : Result accepted by the pool.
[2018-02-04 23:10:14] : Result accepted by the pool.
[2018-02-04 23:10:18] : Result accepted by the pool.
[2018-02-04 23:10:22] : Result accepted by the pool.
[2018-02-04 23:10:23] : Result accepted by the pool.
[2018-02-04 23:10:25] : Result accepted by the pool.
[2018-02-04 23:10:57] : Result accepted by the pool.
[2018-02-04 23:11:04] : Result accepted by the pool.
[2018-02-04 23:11:26] : Result accepted by the pool.
[2018-02-04 23:11:29] : Result accepted by the pool.
[2018-02-04 23:11:36] : Result accepted by the pool.
[2018-02-04 23:11:59] : Result accepted by the pool.
[2018-02-04 23:12:00] : Result accepted by the pool.
[2018-02-04 23:12:10] : Result accepted by the pool.
[2018-02-04 23:12:22] : Result accepted by the pool.
[2018-02-04 23:12:26] : Result accepted by the pool.
[2018-02-04 23:12:48] : Result accepted by the pool.
[2018-02-04 23:12:49] : Result accepted by the pool.
[2018-02-04 23:12:57] : Result accepted by the pool.
[2018-02-04 23:13:01] : Result accepted by the pool.
[2018-02-04 23:13:05] : Result accepted by the pool.
[2018-02-04 23:13:23] : Result accepted by the pool.
[2018-02-04 23:13:26] : Result accepted by the pool.
[2018-02-04 23:13:28] : Result accepted by the pool.
[2018-02-04 23:13:30] : Result accepted by the pool.
[2018-02-04 23:13:36] : Result accepted by the pool.
[2018-02-04 23:13:43] : Result accepted by the pool.
[2018-02-04 23:13:46] : Result accepted by the pool.
[2018-02-04 23:13:51] : Result accepted by the pool.
[2018-02-04 23:13:56] : Result accepted by the pool.
[2018-02-04 23:13:58] : Result accepted by the pool.
[2018-02-04 23:13:58] : Result accepted by the pool.
[2018-02-04 23:14:06] : Result accepted by the pool.
[2018-02-04 23:14:24] : Result accepted by the pool.
[2018-02-04 23:14:24] : Result accepted by the pool.
[2018-02-04 23:14:27] : Result accepted by the pool.
[2018-02-04 23:14:44] : Result accepted by the pool.
[2018-02-04 23:14:56] : Result accepted by the pool.
[2018-02-04 23:15:08] : Result accepted by the pool.
[2018-02-04 23:15:27] : Result accepted by the pool.
[2018-02-04 23:15:27] : Result accepted by the pool.
[2018-02-04 23:15:46] : Result accepted by the pool.
[2018-02-04 23:15:48] : Result accepted by the pool.
[2018-02-04 23:15:50] : Result accepted by the pool.
[2018-02-04 23:15:52] : Result accepted by the pool.
[2018-02-04 23:16:03] : Result accepted by the pool.
[2018-02-04 23:16:27] : Result accepted by the pool.
[2018-02-04 23:16:31] : Result accepted by the pool.
[2018-02-04 23:16:38] : Result accepted by the pool.
[2018-02-04 23:16:41] : Result accepted by the pool.
[2018-02-04 23:16:48] : Result accepted by the pool.
[2018-02-04 23:17:07] : Result accepted by the pool.
[2018-02-04 23:17:29] : Result accepted by the pool.
[2018-02-04 23:17:48] : Result accepted by the pool.
[2018-02-04 23:17:58] : Result accepted by the pool.
[2018-02-04 23:18:25] : Result accepted by the pool.
[2018-02-04 23:18:51] : Result accepted by the pool.
[2018-02-04 23:18:54] : Result accepted by the pool.
[2018-02-04 23:18:58] : Result accepted by the pool.
[2018-02-04 23:19:15] : Result accepted by the pool.
[2018-02-04 23:19:27] : Result accepted by the pool.
[2018-02-04 23:19:28] : Result accepted by the pool.
[2018-02-04 23:19:28] : Result accepted by the pool.
[2018-02-04 23:19:32] : Result accepted by the pool.
[2018-02-04 23:19:59] : Result accepted by the pool.
[2018-02-04 23:20:51] : Result accepted by the pool.
[2018-02-04 23:20:53] : Result accepted by the pool.
[2018-02-04 23:21:00] : Result accepted by the pool.
[2018-02-04 23:21:06] : Result accepted by the pool.
[2018-02-04 23:21:07] : Result accepted by the pool.
[2018-02-04 23:21:19] : Result accepted by the pool.
[2018-02-04 23:21:20] : Result accepted by the pool.
[2018-02-04 23:21:32] : Result accepted by the pool.
[2018-02-04 23:21:34] : Result accepted by the pool.
[2018-02-04 23:21:54] : Result accepted by the pool.
[2018-02-04 23:21:55] : Result accepted by the pool.
[2018-02-04 23:22:19] : Result accepted by the pool.
[2018-02-04 23:22:36] : Difficulty changed. Now: 9241.
[2018-02-04 23:22:36] : New block detected.
[2018-02-04 23:22:41] : Result accepted by the pool.
[2018-02-04 23:23:30] : Result accepted by the pool.
[2018-02-04 23:23:32] : Result accepted by the pool.
[2018-02-04 23:23:34] : Result accepted by the pool.
[2018-02-04 23:23:38] : Result accepted by the pool.
[2018-02-04 23:23:41] : Result accepted by the pool.
[2018-02-04 23:23:50] : Result accepted by the pool.
[2018-02-04 23:24:08] : Result accepted by the pool.
[2018-02-04 23:24:09] : Result accepted by the pool.
[2018-02-04 23:24:14] : Result accepted by the pool.
[2018-02-04 23:24:24] : Result accepted by the pool.
[2018-02-04 23:24:27] : Result accepted by the pool.
[2018-02-04 23:24:28] : Difficulty changed. Now: 9267.
[2018-02-04 23:24:28] : New block detected.
[2018-02-04 23:24:37] : Result accepted by the pool.
[2018-02-04 23:24:43] : Result accepted by the pool.
[2018-02-04 23:25:17] : Result accepted by the pool.
[2018-02-04 23:25:18] : Result accepted by the pool.
[2018-02-04 23:25:28] : Result accepted by the pool.
[2018-02-04 23:25:30] : Result accepted by the pool.
[2018-02-04 23:25:47] : Result accepted by the pool.
[2018-02-04 23:25:49] : Result accepted by the pool.
[2018-02-04 23:25:50] : Result accepted by the pool.
[2018-02-04 23:25:51] : Result accepted by the pool.
[2018-02-04 23:25:51] : Result accepted by the pool.
[2018-02-04 23:25:53] : Result accepted by the pool.
[2018-02-04 23:25:54] : Result accepted by the pool.
[2018-02-04 23:26:17] : Result accepted by the pool.
[2018-02-04 23:26:19] : Result accepted by the pool.
[2018-02-04 23:26:20] : Result accepted by the pool.
[2018-02-04 23:26:21] : Difficulty changed. Now: 9403.
[2018-02-04 23:26:21] : New block detected.
[2018-02-04 23:26:25] : Result accepted by the pool.
[2018-02-04 23:26:36] : Result accepted by the pool.
[2018-02-04 23:26:39] : Result accepted by the pool.
[2018-02-04 23:26:46] : Result accepted by the pool.
[2018-02-04 23:26:56] : Result accepted by the pool.
[2018-02-04 23:27:03] : Result accepted by the pool.
[2018-02-04 23:27:06] : Result accepted by the pool.
[2018-02-04 23:27:26] : Result accepted by the pool.
[2018-02-04 23:27:26] : Result accepted by the pool.
[2018-02-04 23:27:29] : Result accepted by the pool.
[2018-02-04 23:27:43] : Result accepted by the pool.
[2018-02-04 23:27:48] : Result accepted by the pool.
[2018-02-04 23:27:48] : Difficulty changed. Now: 9496.
[2018-02-04 23:27:48] : New block detected.
[2018-02-04 23:27:56] : Result accepted by the pool.
[2018-02-04 23:28:11] : Result accepted by the pool.
[2018-02-04 23:28:13] : Result accepted by the pool.
[2018-02-04 23:28:31] : Result accepted by the pool.
[2018-02-04 23:29:05] : Result accepted by the pool.
[2018-02-04 23:29:12] : Result accepted by the pool.
[2018-02-04 23:29:14] : Result accepted by the pool.
[2018-02-04 23:29:20] : Result accepted by the pool.
[2018-02-04 23:29:22] : Result accepted by the pool.
[2018-02-04 23:29:23] : Result accepted by the pool.
[2018-02-04 23:29:24] : Result accepted by the pool.
[2018-02-04 23:29:34] : Result accepted by the pool.
[2018-02-04 23:29:41] : Result accepted by the pool.
[2018-02-04 23:29:57] : Result accepted by the pool.
[2018-02-04 23:30:10] : Result accepted by the pool.
[2018-02-04 23:30:13] : Result accepted by the pool.
[2018-02-04 23:30:14] : Result accepted by the pool.
[2018-02-04 23:30:18] : Result accepted by the pool.
[2018-02-04 23:30:29] : Result accepted by the pool.
[2018-02-04 23:30:32] : Result accepted by the pool.
[2018-02-04 23:30:34] : Result accepted by the pool.
[2018-02-04 23:31:06] : Result accepted by the pool.
[2018-02-04 23:31:07] : Result accepted by the pool.
[2018-02-04 23:31:08] : Result accepted by the pool.
[2018-02-04 23:31:11] : Result accepted by the pool.
[2018-02-04 23:31:14] : Result accepted by the pool.
[2018-02-04 23:31:21] : Result accepted by the pool.
[2018-02-04 23:31:37] : Result accepted by the pool.
[2018-02-04 23:31:42] : Result accepted by the pool.
[2018-02-04 23:31:47] : Difficulty changed. Now: 9635.
[2018-02-04 23:31:47] : New block detected.
[2018-02-04 23:31:51] : Result accepted by the pool.
[2018-02-04 23:32:46] : Result accepted by the pool.
[2018-02-04 23:33:07] : Result accepted by the pool.
[2018-02-04 23:33:10] : Result accepted by the pool.
[2018-02-04 23:33:25] : Result accepted by the pool.
[2018-02-04 23:33:35] : Result accepted by the pool.
[2018-02-04 23:33:40] : Difficulty changed. Now: 9495.
[2018-02-04 23:33:40] : New block detected.
[2018-02-04 23:33:45] : Result accepted by the pool.
[2018-02-04 23:33:51] : Result accepted by the pool.
[2018-02-04 23:33:57] : Result accepted by the pool.
[2018-02-04 23:34:03] : Result accepted by the pool.
[2018-02-04 23:34:09] : Result accepted by the pool.
[2018-02-04 23:34:10] : Result accepted by the pool.
[2018-02-04 23:34:24] : Result accepted by the pool.
[2018-02-04 23:34:29] : Result accepted by the pool.
[2018-02-04 23:34:33] : Result accepted by the pool.
[2018-02-04 23:34:38] : Result accepted by the pool.
[2018-02-04 23:34:56] : Result accepted by the pool.
[2018-02-04 23:35:15] : Result accepted by the pool.
[2018-02-04 23:35:25] : Result accepted by the pool.
[2018-02-04 23:35:38] : Result accepted by the pool.
[2018-02-04 23:35:44] : Result accepted by the pool.
[2018-02-04 23:35:50] : Result accepted by the pool.
[2018-02-04 23:35:56] : Result accepted by the pool.
[2018-02-04 23:35:58] : Result accepted by the pool.
[2018-02-04 23:36:00] : Result accepted by the pool.
[2018-02-04 23:36:12] : Result accepted by the pool.
[2018-02-04 23:36:22] : Result accepted by the pool.
[2018-02-04 23:36:35] : Result accepted by the pool.
[2018-02-04 23:37:12] : Result accepted by the pool.
[2018-02-04 23:37:20] : Result accepted by the pool.
[2018-02-04 23:37:27] : Result accepted by the pool.
[2018-02-04 23:37:45] : Result accepted by the pool.
[2018-02-04 23:38:26] : Result accepted by the pool.
[2018-02-04 23:38:51] : Result accepted by the pool.
[2018-02-04 23:38:58] : Result accepted by the pool.
[2018-02-04 23:39:19] : Result accepted by the pool.
[2018-02-04 23:39:24] : Result accepted by the pool.
[2018-02-04 23:39:33] : Result accepted by the pool.
[2018-02-04 23:39:41] : Result accepted by the pool.
[2018-02-04 23:40:05] : Result accepted by the pool.
[2018-02-04 23:40:50] : Result accepted by the pool.
[2018-02-04 23:41:15] : Result accepted by the pool.
[2018-02-04 23:41:18] : Result accepted by the pool.
[2018-02-04 23:41:19] : Result accepted by the pool.
[2018-02-04 23:41:44] : Result accepted by the pool.
[2018-02-04 23:41:44] : Result accepted by the pool.
[2018-02-04 23:41:51] : Result accepted by the pool.
[2018-02-04 23:41:53] : Result accepted by the pool.
[2018-02-04 23:42:01] : Result accepted by the pool.
[2018-02-04 23:42:08] : Result accepted by the pool.
[2018-02-04 23:42:09] : Result accepted by the pool.
[2018-02-04 23:42:19] : Result accepted by the pool.
[2018-02-04 23:42:19] : Result accepted by the pool.
[2018-02-04 23:42:23] : Result accepted by the pool.
[2018-02-04 23:42:26] : Result accepted by the pool.
[2018-02-04 23:42:32] : Result accepted by the pool.
[2018-02-04 23:43:14] : Result accepted by the pool.
[2018-02-04 23:43:28] : Result accepted by the pool.
[2018-02-04 23:43:47] : Result accepted by the pool.
[2018-02-04 23:43:58] : Result accepted by the pool.
[2018-02-04 23:44:02] : Result accepted by the pool.
[2018-02-04 23:44:14] : Result accepted by the pool.
[2018-02-04 23:44:52] : Result accepted by the pool.
[2018-02-04 23:44:56] : Result accepted by the pool.
[2018-02-04 23:44:59] : Result accepted by the pool.
[2018-02-04 23:45:01] : Result accepted by the pool.
[2018-02-04 23:45:02] : Result accepted by the pool.
[2018-02-04 23:45:03] : Result accepted by the pool.
[2018-02-04 23:45:05] : Result accepted by the pool.
[2018-02-04 23:45:24] : Result accepted by the pool.
[2018-02-04 23:45:48] : Result accepted by the pool.
[2018-02-04 23:45:52] : Result accepted by the pool.
[2018-02-04 23:45:54] : Difficulty changed. Now: 9333.
[2018-02-04 23:45:54] : New block detected.
[2018-02-04 23:45:56] : Result accepted by the pool.
[2018-02-04 23:46:07] : Result accepted by the pool.
[2018-02-04 23:46:07] : Result accepted by the pool.
[2018-02-04 23:46:18] : Result accepted by the pool.
[2018-02-04 23:46:28] : Result accepted by the pool.
[2018-02-04 23:46:47] : Result accepted by the pool.
[2018-02-04 23:46:48] : Result accepted by the pool.
[2018-02-04 23:47:00] : Result accepted by the pool.
[2018-02-04 23:47:27] : Result accepted by the pool.
[2018-02-04 23:47:31] : Result accepted by the pool.
[2018-02-04 23:47:33] : Result accepted by the pool.
[2018-02-04 23:47:38] : Result accepted by the pool.
[2018-02-04 23:47:49] : Result accepted by the pool.
[2018-02-04 23:47:53] : Result accepted by the pool.
[2018-02-04 23:48:20] : Result accepted by the pool.
[2018-02-04 23:48:37] : Result accepted by the pool.
[2018-02-04 23:48:43] : Result accepted by the pool.
[2018-02-04 23:48:47] : Result accepted by the pool.
[2018-02-04 23:48:49] : Result accepted by the pool.
[2018-02-04 23:48:56] : Result accepted by the pool.
[2018-02-04 23:49:09] : Result accepted by the pool.
[2018-02-04 23:49:10] : Result accepted by the pool.
[2018-02-04 23:49:10] : Result accepted by the pool.
[2018-02-04 23:49:15] : Result accepted by the pool.
[2018-02-04 23:49:16] : Result accepted by the pool.
[2018-02-04 23:49:20] : Result accepted by the pool.
[2018-02-04 23:49:39] : Result accepted by the pool.
[2018-02-04 23:49:50] : Result accepted by the pool.
[2018-02-04 23:49:53] : Result accepted by the pool.
[2018-02-04 23:50:09] : Result accepted by the pool.
[2018-02-04 23:50:12] : Result accepted by the pool.
[2018-02-04 23:50:14] : Result accepted by the pool.
[2018-02-04 23:50:32] : Result accepted by the pool.
[2018-02-04 23:50:46] : Result accepted by the pool.
[2018-02-04 23:50:47] : Result accepted by the pool.
[2018-02-04 23:50:50] : Result accepted by the pool.
[2018-02-04 23:50:56] : Result accepted by the pool.
[2018-02-04 23:51:03] : Result accepted by the pool.
[2018-02-04 23:51:09] : Result accepted by the pool.
[2018-02-04 23:51:13] : Result accepted by the pool.
[2018-02-04 23:51:17] : Result accepted by the pool.
[2018-02-04 23:51:21] : Result accepted by the pool.
[2018-02-04 23:51:29] : Result accepted by the pool.
[2018-02-04 23:51:38] : Result accepted by the pool.
[2018-02-04 23:51:39] : Result accepted by the pool.
[2018-02-04 23:51:41] : Result accepted by the pool.
[2018-02-04 23:51:47] : Result accepted by the pool.
[2018-02-04 23:51:58] : Result accepted by the pool.
[2018-02-04 23:52:11] : Result accepted by the pool.
[2018-02-04 23:52:25] : Result accepted by the pool.
[2018-02-04 23:52:29] : Result accepted by the pool.
[2018-02-04 23:52:29] : Result accepted by the pool.
[2018-02-04 23:52:42] : Result accepted by the pool.
[2018-02-04 23:52:44] : Result accepted by the pool.
[2018-02-04 23:52:53] : Result accepted by the pool.
[2018-02-04 23:53:01] : Result accepted by the pool.
[2018-02-04 23:53:35] : Result accepted by the pool.
[2018-02-04 23:53:36] : Result accepted by the pool.
[2018-02-04 23:54:05] : Result accepted by the pool.
[2018-02-04 23:54:06] : Result accepted by the pool.
[2018-02-04 23:54:19] : Result accepted by the pool.
[2018-02-04 23:54:32] : Result accepted by the pool.
[2018-02-04 23:54:37] : Result accepted by the pool.
[2018-02-04 23:54:38] : Result accepted by the pool.
[2018-02-04 23:54:56] : Result accepted by the pool.
[2018-02-04 23:54:57] : Result accepted by the pool.
[2018-02-04 23:55:15] : Result accepted by the pool.
[2018-02-04 23:55:15] : Result accepted by the pool.
[2018-02-04 23:55:45] : Result accepted by the pool.
[2018-02-04 23:55:48] : Result accepted by the pool.
[2018-02-04 23:55:50] : Result accepted by the pool.
[2018-02-04 23:56:11] : Result accepted by the pool.
[2018-02-04 23:56:16] : Result accepted by the pool.
[2018-02-04 23:56:21] : Result accepted by the pool.
[2018-02-04 23:56:24] : Result accepted by the pool.
[2018-02-04 23:56:27] : Result accepted by the pool.
[2018-02-04 23:57:19] : Result accepted by the pool.
[2018-02-04 23:57:28] : Result accepted by the pool.
[2018-02-04 23:57:35] : Result accepted by the pool.
[2018-02-04 23:57:49] : Result accepted by the pool.
[2018-02-04 23:58:07] : Result accepted by the pool.
[2018-02-04 23:58:14] : Result accepted by the pool.
[2018-02-04 23:58:15] : Result accepted by the pool.
[2018-02-04 23:58:17] : Result accepted by the pool.
[2018-02-04 23:58:26] : Result accepted by the pool.
[2018-02-04 23:58:31] : Result accepted by the pool.
[2018-02-04 23:58:35] : Result accepted by the pool.
[2018-02-04 23:58:39] : Result accepted by the pool.
[2018-02-04 23:59:03] : Result accepted by the pool.
[2018-02-04 23:59:06] : Result accepted by the pool.
[2018-02-04 23:59:19] : Result accepted by the pool.
[2018-02-04 23:59:31] : Result accepted by the pool.
[2018-02-04 23:59:49] : Difficulty changed. Now: 9487.
[2018-02-04 23:59:49] : New block detected.
[2018-02-04 23:59:56] : Difficulty changed. Now: 9472.
[2018-02-04 23:59:56] : New block detected.
[2018-02-04 23:59:57] : Result accepted by the pool.
[2018-02-05 00:00:01] : Result accepted by the pool.
[2018-02-05 00:00:07] : Result accepted by the pool.
[2018-02-05 00:00:22] : Result accepted by the pool.
[2018-02-05 00:00:34] : Result accepted by the pool.
[2018-02-05 00:00:39] : Result accepted by the pool.
[2018-02-05 00:00:57] : Result accepted by the pool.
[2018-02-05 00:01:03] : Difficulty changed. Now: 9479.
[2018-02-05 00:01:03] : New block detected.
[2018-02-05 00:01:14] : Result accepted by the pool.
[2018-02-05 00:01:24] : Result accepted by the pool.
[2018-02-05 00:01:34] : Result accepted by the pool.
[2018-02-05 00:01:37] : Result accepted by the pool.
[2018-02-05 00:01:47] : Result accepted by the pool.
[2018-02-05 00:01:50] : Result accepted by the pool.
[2018-02-05 00:01:56] : Result accepted by the pool.
[2018-02-05 00:01:56] : Result accepted by the pool.
[2018-02-05 00:02:03] : Result accepted by the pool.
[2018-02-05 00:02:05] : Result accepted by the pool.
[2018-02-05 00:02:05] : Result accepted by the pool.
[2018-02-05 00:02:06] : Result accepted by the pool.
[2018-02-05 00:02:08] : Result accepted by the pool.
[2018-02-05 00:02:26] : Result accepted by the pool.
[2018-02-05 00:02:26] : Result accepted by the pool.
[2018-02-05 00:02:27] : Result accepted by the pool.
[2018-02-05 00:02:31] : Result accepted by the pool.
[2018-02-05 00:02:32] : Result accepted by the pool.
[2018-02-05 00:02:40] : Result accepted by the pool.
[2018-02-05 00:02:56] : Result accepted by the pool.
[2018-02-05 00:03:00] : Result accepted by the pool.
[2018-02-05 00:03:06] : Result accepted by the pool.
[2018-02-05 00:03:07] : Result accepted by the pool.
[2018-02-05 00:03:14] : Result accepted by the pool.
[2018-02-05 00:03:22] : Result accepted by the pool.
[2018-02-05 00:03:52] : Result accepted by the pool.
[2018-02-05 00:04:00] : Result accepted by the pool.
[2018-02-05 00:04:12] : Result accepted by the pool.
[2018-02-05 00:04:47] : Result accepted by the pool.
[2018-02-05 00:04:55] : Result accepted by the pool.
[2018-02-05 00:05:09] : Result accepted by the pool.
[2018-02-05 00:05:17] : Result accepted by the pool.
[2018-02-05 00:05:19] : Difficulty changed. Now: 9589.
[2018-02-05 00:05:19] : New block detected.
[2018-02-05 00:05:23] : Result accepted by the pool.
[2018-02-05 00:05:27] : Result accepted by the pool.
[2018-02-05 00:05:29] : Result accepted by the pool.
[2018-02-05 00:05:36] : Result accepted by the pool.
[2018-02-05 00:05:41] : Result accepted by the pool.
[2018-02-05 00:05:55] : Result accepted by the pool.
[2018-02-05 00:06:06] : Result accepted by the pool.
[2018-02-05 00:06:08] : Result accepted by the pool.
[2018-02-05 00:06:17] : Difficulty changed. Now: 9626.
[2018-02-05 00:06:17] : New block detected.
[2018-02-05 00:06:20] : Result accepted by the pool.
[2018-02-05 00:06:26] : Result accepted by the pool.
[2018-02-05 00:06:33] : Result accepted by the pool.
[2018-02-05 00:06:44] : Result accepted by the pool.
[2018-02-05 00:06:50] : Result accepted by the pool.
[2018-02-05 00:06:51] : Result accepted by the pool.
[2018-02-05 00:06:53] : Result accepted by the pool.
[2018-02-05 00:07:04] : Result accepted by the pool.
[2018-02-05 00:07:13] : Result accepted by the pool.
[2018-02-05 00:07:14] : Result accepted by the pool.
[2018-02-05 00:07:45] : Result accepted by the pool.
[2018-02-05 00:07:54] : Result accepted by the pool.
[2018-02-05 00:08:00] : Result accepted by the pool.
[2018-02-05 00:08:09] : Result accepted by the pool.
[2018-02-05 00:08:12] : Result accepted by the pool.
[2018-02-05 00:08:18] : Result accepted by the pool.
[2018-02-05 00:08:21] : Result accepted by the pool.
[2018-02-05 00:08:31] : Result accepted by the pool.
[2018-02-05 00:08:32] : Result accepted by the pool.
[2018-02-05 00:08:42] : Result accepted by the pool.
[2018-02-05 00:09:12] : Difficulty changed. Now: 9668.
[2018-02-05 00:09:12] : New block detected.
[2018-02-05 00:09:34] : Result accepted by the pool.
[2018-02-05 00:09:41] : Result accepted by the pool.
[2018-02-05 00:09:57] : Result accepted by the pool.
[2018-02-05 00:09:59] : Result accepted by the pool.
[2018-02-05 00:10:00] : Result accepted by the pool.
[2018-02-05 00:10:04] : Result accepted by the pool.
[2018-02-05 00:10:10] : Result accepted by the pool.
[2018-02-05 00:10:18] : Result accepted by the pool.
[2018-02-05 00:10:22] : Result accepted by the pool.
[2018-02-05 00:10:36] : Result accepted by the pool.
[2018-02-05 00:11:00] : Result accepted by the pool.
[2018-02-05 00:11:02] : Result accepted by the pool.
[2018-02-05 00:11:04] : Result accepted by the pool.
[2018-02-05 00:11:18] : Difficulty changed. Now: 9674.
[2018-02-05 00:11:18] : New block detected.
[2018-02-05 00:11:23] : Result accepted by the pool.
[2018-02-05 00:11:30] : Result accepted by the pool.
[2018-02-05 00:11:45] : Result accepted by the pool.
[2018-02-05 00:11:48] : Result accepted by the pool.
[2018-02-05 00:11:50] : Result accepted by the pool.
[2018-02-05 00:11:53] : Result accepted by the pool.
[2018-02-05 00:11:54] : Result accepted by the pool.
[2018-02-05 00:12:00] : Result accepted by the pool.
[2018-02-05 00:12:27] : Difficulty changed. Now: 9692.
[2018-02-05 00:12:27] : New block detected.
[2018-02-05 00:12:33] : Result accepted by the pool.
[2018-02-05 00:12:38] : Result accepted by the pool.
[2018-02-05 00:12:52] : Result accepted by the pool.
[2018-02-05 00:13:35] : Result accepted by the pool.
[2018-02-05 00:13:39] : Result accepted by the pool.
[2018-02-05 00:13:40] : Result accepted by the pool.
[2018-02-05 00:13:42] : Result accepted by the pool.
[2018-02-05 00:14:16] : Result accepted by the pool.
[2018-02-05 00:14:20] : Result accepted by the pool.
[2018-02-05 00:14:28] : Result accepted by the pool.
[2018-02-05 00:14:33] : Result accepted by the pool.
[2018-02-05 00:14:37] : Result accepted by the pool.
[2018-02-05 00:14:47] : Result accepted by the pool.
[2018-02-05 00:14:54] : Result accepted by the pool.
[2018-02-05 00:14:55] : Result accepted by the pool.
[2018-02-05 00:15:10] : Result accepted by the pool.
[2018-02-05 00:15:20] : Result accepted by the pool.
[2018-02-05 00:15:22] : Result accepted by the pool.
[2018-02-05 00:15:40] : Result accepted by the pool.
[2018-02-05 00:15:41] : Result accepted by the pool.
[2018-02-05 00:15:49] : Result accepted by the pool.
[2018-02-05 00:16:41] : Result accepted by the pool.
[2018-02-05 00:16:48] : Result accepted by the pool.
[2018-02-05 00:16:59] : Result accepted by the pool.
[2018-02-05 00:17:21] : Result accepted by the pool.
[2018-02-05 00:17:31] : Result accepted by the pool.
[2018-02-05 00:17:48] : Result accepted by the pool.
[2018-02-05 00:18:09] : Result accepted by the pool.
[2018-02-05 00:18:18] : Result accepted by the pool.
[2018-02-05 00:18:22] : Result accepted by the pool.
[2018-02-05 00:18:30] : Result accepted by the pool.
[2018-02-05 00:18:37] : Result accepted by the pool.
[2018-02-05 00:18:52] : Result accepted by the pool.
[2018-02-05 00:18:59] : Result accepted by the pool.
[2018-02-05 00:19:04] : Result accepted by the pool.
[2018-02-05 00:19:23] : Result accepted by the pool.
[2018-02-05 00:19:23] : Result accepted by the pool.
[2018-02-05 00:19:26] : Difficulty changed. Now: 9617.
[2018-02-05 00:19:26] : New block detected.
[2018-02-05 00:19:33] : Result accepted by the pool.
[2018-02-05 00:19:39] : Result accepted by the pool.
[2018-02-05 00:19:49] : Result accepted by the pool.
[2018-02-05 00:19:55] : Result accepted by the pool.
[2018-02-05 00:20:02] : Result accepted by the pool.
[2018-02-05 00:20:11] : Result accepted by the pool.
[2018-02-05 00:20:16] : Result accepted by the pool.
[2018-02-05 00:20:24] : Result accepted by the pool.
[2018-02-05 00:20:35] : Result accepted by the pool.
[2018-02-05 00:20:36] : Result accepted by the pool.
[2018-02-05 00:20:39] : Result accepted by the pool.
[2018-02-05 00:20:54] : Result accepted by the pool.
[2018-02-05 00:20:57] : Result accepted by the pool.
[2018-02-05 00:21:20] : Result accepted by the pool.
[2018-02-05 00:21:20] : Result accepted by the pool.
[2018-02-05 00:21:24] : Result accepted by the pool.
[2018-02-05 00:21:48] : Result accepted by the pool.
[2018-02-05 00:22:26] : Result accepted by the pool.
[2018-02-05 00:22:26] : Result accepted by the pool.
[2018-02-05 00:22:31] : Result accepted by the pool.
[2018-02-05 00:22:32] : Result accepted by the pool.
[2018-02-05 00:22:36] : Result accepted by the pool.
[2018-02-05 00:22:58] : Result accepted by the pool.
[2018-02-05 00:23:03] : Result accepted by the pool.
[2018-02-05 00:23:19] : Result accepted by the pool.
[2018-02-05 00:23:33] : Result accepted by the pool.
[2018-02-05 00:23:50] : Result accepted by the pool.
[2018-02-05 00:24:21] : Result accepted by the pool.
[2018-02-05 00:24:25] : Result accepted by the pool.
[2018-02-05 00:24:28] : Result accepted by the pool.
[2018-02-05 00:24:30] : Result accepted by the pool.
[2018-02-05 00:24:44] : Result accepted by the pool.
[2018-02-05 00:24:46] : Result accepted by the pool.
[2018-02-05 00:24:49] : Result accepted by the pool.
[2018-02-05 00:24:50] : Result accepted by the pool.
[2018-02-05 00:24:57] : Result accepted by the pool.
[2018-02-05 00:24:58] : Result accepted by the pool.
[2018-02-05 00:25:11] : Result accepted by the pool.
[2018-02-05 00:25:13] : Result accepted by the pool.
[2018-02-05 00:25:16] : Result accepted by the pool.
[2018-02-05 00:25:24] : Result accepted by the pool.
[2018-02-05 00:25:34] : Result accepted by the pool.
[2018-02-05 00:25:34] : Result accepted by the pool.
[2018-02-05 00:25:43] : Result accepted by the pool.
[2018-02-05 00:25:45] : Result accepted by the pool.
[2018-02-05 00:25:47] : Result accepted by the pool.
[2018-02-05 00:26:09] : Result accepted by the pool.
[2018-02-05 00:26:11] : Result accepted by the pool.
[2018-02-05 00:26:33] : Result accepted by the pool.
[2018-02-05 00:26:58] : All pools are dead. Idling...
[2018-02-05 00:26:58] : SOCKET ERROR - [aeon.pool.minergate.com:45690] CALL error: Timeout while waiting for a reply
[2018-02-05 00:27:27] : Fast-connecting to aeon.pool.minergate.com:45690 pool ...
[2018-02-05 00:27:27] : Pool aeon.pool.minergate.com:45690 connected. Logging in...
[2018-02-05 00:27:37] : SOCKET ERROR - [aeon.pool.minergate.com:45690] CALL error: Timeout while waiting for a reply
[2018-02-05 00:28:07] : Fast-connecting to aeon.pool.minergate.com:45690 pool ...
[2018-02-05 00:28:07] : Pool aeon.pool.minergate.com:45690 connected. Logging in...
[2018-02-05 00:28:17] : SOCKET ERROR - [aeon.pool.minergate.com:45690] CALL error: Timeout while waiting for a reply
[2018-02-05 00:28:47] : Fast-connecting to aeon.pool.minergate.com:45690 pool ...
[2018-02-05 00:28:47] : Pool aeon.pool.minergate.com:45690 connected. Logging in...
[2018-02-05 00:28:57] : SOCKET ERROR - [aeon.pool.minergate.com:45690] CALL error: Timeout while waiting for a reply
[2018-02-05 00:29:27] : Fast-connecting to aeon.pool.minergate.com:45690 pool ...
[2018-02-05 00:29:27] : Pool aeon.pool.minergate.com:45690 connected. Logging in...
[2018-02-05 00:29:37] : SOCKET ERROR - [aeon.pool.minergate.com:45690] CALL error: Timeout while waiting for a reply
[2018-02-05 00:30:07] : Fast-connecting to aeon.pool.minergate.com:45690 pool ...
[2018-02-05 00:30:08] : Pool aeon.pool.minergate.com:45690 connected. Logging in...
[2018-02-05 00:30:18] : SOCKET ERROR - [aeon.pool.minergate.com:45690] CALL error: Timeout while waiting for a reply
[2018-02-05 00:30:47] : Fast-connecting to aeon.pool.minergate.com:45690 pool ...
[2018-02-05 00:30:47] : Pool aeon.pool.minergate.com:45690 connected. Logging in...
[2018-02-05 00:30:57] : SOCKET ERROR - [aeon.pool.minergate.com:45690] CALL error: Timeout while waiting for a reply
[2018-02-05 00:31:27] : Fast-connecting to aeon.pool.minergate.com:45690 pool ...
[2018-02-05 00:31:27] : Pool aeon.pool.minergate.com:45690 connected. Logging in...
[2018-02-05 00:31:37] : SOCKET ERROR - [aeon.pool.minergate.com:45690] CALL error: Timeout while waiting for a reply
[2018-02-05 00:32:07] : Fast-connecting to aeon.pool.minergate.com:45690 pool ...
[2018-02-05 00:32:07] : Pool aeon.pool.minergate.com:45690 connected. Logging in...
[2018-02-05 00:32:17] : SOCKET ERROR - [aeon.pool.minergate.com:45690] CALL error: Timeout while waiting for a reply
[2018-02-05 00:32:47] : Fast-connecting to aeon.pool.minergate.com:45690 pool ...
[2018-02-05 00:32:47] : Pool aeon.pool.minergate.com:45690 connected. Logging in...
[2018-02-05 00:32:57] : SOCKET ERROR - [aeon.pool.minergate.com:45690] CALL error: Timeout while waiting for a reply
[2018-02-05 00:33:27] : Fast-connecting to aeon.pool.minergate.com:45690 pool ...
[2018-02-05 00:33:27] : Pool aeon.pool.minergate.com:45690 connected. Logging in...
[2018-02-05 00:33:37] : SOCKET E